<?xml version="1.0" encoding="UTF-8" standalone="yes" ?>
<test-results name="C:\Users\douglas.mezuraro\Documents\mestre-dos-codigos-delphi-escudeiro\territory\delphi\knight\mission-12\Win32\Debug\Mission12.exe" total="19" errors="0" failures="0" ignored="0" inconclusive="0" not-run="0" skipped="0" invalid="0" date="2020-02-27" time="0.187">
  <culture-info current-culture="en" current-uiculture="en" />
  <test-suite type="Assembly" name="Mission12.exe" executed="true" result="Success" success="True" time="0.187" asserts="0">
    <results>
        <test-suite type="Namespace" name="Test" executed="true" result="Success" success="True" time="0.187" asserts="0" >
          <results>
              <test-suite type="Fixture" name="TOperationsTest" executed="True" result="Success" success="True" time="0.187" >
                <results>
                  <test-case name="TestSortLetters.Word with blank space" executed="True" result="Success" success="True" time="0.000" asserts="0" />
                  <test-case name="TestSortLetters.Sorted word" executed="True" result="Success" success="True" time="0.000" asserts="0" />
                  <test-case name="TestSortLetters.Inverted word" executed="True" result="Success" success="True" time="0.000" asserts="0" />
                  <test-case name="TestSortLetters.GUID" executed="True" result="Success" success="True" time="0.000" asserts="0" />
                  <test-case name="TestCountOccurrences.Count &quot;e&quot; letter" executed="True" result="Success" success="True" time="0.000" asserts="0" />
                  <test-case name="TestCountOccurrences.Count &quot;l&quot; letter" executed="True" result="Success" success="True" time="0.000" asserts="0" />
                  <test-case name="TestCountOccurrences.Count &quot;o&quot; letter" executed="True" result="Success" success="True" time="0.000" asserts="0" />
                  <test-case name="TestCountOccurrences.Count &quot;x&quot; letter" executed="True" result="Success" success="True" time="0.000" asserts="0" />
                  <test-case name="TestCountOcurrencesException.Empty text" executed="True" result="Success" success="True" time="0.060" asserts="0" />
                  <test-case name="TestCountOcurrencesException.Empty value" executed="True" result="Success" success="True" time="0.018" asserts="0" />
                  <test-case name="TestCountOcurrencesException.Empty text and value" executed="True" result="Success" success="True" time="0.016" asserts="0" />
                  <test-case name="TestRemoveAccents.Empty word" executed="True" result="Success" success="True" time="0.000" asserts="0" />
                  <test-case name="TestRemoveAccents.Acute accent" executed="True" result="Success" success="True" time="0.000" asserts="0" />
                  <test-case name="TestRemoveAccents.Grava accent" executed="True" result="Success" success="True" time="0.000" asserts="0" />
                  <test-case name="TestRemoveAccents.Circumflex accent" executed="True" result="Success" success="True" time="0.000" asserts="0" />
                  <test-case name="TestRemoveAccents.Tilde accent" executed="True" result="Success" success="True" time="0.000" asserts="0" />
                  <test-case name="TestRemoveAccentsException.Word with dot" executed="True" result="Success" success="True" time="0.067" asserts="0" />
                  <test-case name="TestRemoveAccentsException.Word with exclamation" executed="True" result="Success" success="True" time="0.012" asserts="0" />
                  <test-case name="TestRemoveAccentsException.Word with interrogation" executed="True" result="Success" success="True" time="0.013" asserts="0" />
                </results>
              </test-suite>
          </results>
        </test-suite>
    </results>
  </test-suite>
</test-results>
